<?xml version="1.0" encoding="UTF-8"?>
<!-- Generated by org.testng.reporters.JUnitReportReporter -->
<testsuite hostname="ASUS-Jogesh" failures="0" tests="1" name="com.datadriven.test.SubscribeTest" time="0.000" errors="0" timestamp="2020-12-20T00:16:28 IST" skipped="1">
  <testcase classname="com.datadriven.test.SubscribeTest" name="subscribePageTest" time="0.000">
    <skipped/>
  </testcase> <!-- subscribePageTest -->
  <system-out/>
</testsuite> <!-- com.datadriven.test.SubscribeTest -->
